<?xml version="1.0" encoding="UTF-8"?>
<!-- Generated by org.testng.reporters.JUnitXMLReporter -->
<testsuite ignored="0" hostname="DESKTOP-JQEJNBT" failures="0" tests="3" name="Surefire test" time="38.088" errors="0" timestamp="2024-04-18T12:28:30 CET">
  <testcase classname="com.qacart.todo.testcases.LoginTest" name="souldbeableTologinWithemailandPassword" time="7.71"/>
  <testcase classname="com.qacart.todo.testcases.TodoTest" name="ShouldBeabletoAddnewTOdo" time="23.694"/>
  <testcase classname="com.qacart.todo.testcases.TodoTest" name="ShouldBeabletodeleteTOdo" time="23.466"/>
</testsuite> <!-- Surefire test -->
