<?xml version="1.0" encoding="UTF-8"?>
<testsuite xmlns:xsi="http://www.w3.org/2001/XMLSchema-instance" xsi:noNamespaceSchemaLocation="https://maven.apache.org/surefire/maven-surefire-plugin/xsd/surefire-test-report-3.0.xsd" version="3.0" name="TestSuite" time="41.842" tests="3" errors="0" skipped="0" failures="0">
  <properties>
[...]
</properties>
  <testcase name="souldbeableTologinWithemailandPassword" classname="com.qacart.todo.testcases.LoginTest" time="7.325">
    <system-err><![CDATA[[TestNG-test-Surefire test-1] INFO io.github.bonigarcia.wdm.WebDriverManager - Using chromedriver 124.0.6367.60 (resolved driver for Chrome 124)
[TestNG-test-Surefire test-3] INFO io.github.bonigarcia.wdm.WebDriverManager - Using chromedriver 124.0.6367.60 (resolved driver for Chrome 124)
[TestNG-test-Surefire test-2] INFO io.github.bonigarcia.wdm.WebDriverManager - Using chromedriver 124.0.6367.60 (resolved driver for Chrome 124)
[TestNG-test-Surefire test-3] INFO io.github.bonigarcia.wdm.WebDriverManager - Exporting webdriver.chrome.driver as C:\Users\PC\.cache\selenium\chromedriver\win64\124.0.6367.60\chromedriver.exe
[TestNG-test-Surefire test-1] INFO io.github.bonigarcia.wdm.WebDriverManager - Exporting webdriver.chrome.driver as C:\Users\PC\.cache\selenium\chromedriver\win64\124.0.6367.60\chromedriver.exe
[TestNG-test-Surefire test-2] INFO io.github.bonigarcia.wdm.WebDriverManager - Exporting webdriver.chrome.driver as C:\Users\PC\.cache\selenium\chromedriver\win64\124.0.6367.60\chromedriver.exe
????? 18, 2024 12:28:01 ? org.openqa.selenium.devtools.CdpVersionFinder findNearestMatch
WARNING: Unable to find an exact match for CDP version 124, returning the closest version; found: 122; Please update to a Selenium version that supports CDP version 124
????? 18, 2024 12:28:01 ? org.openqa.selenium.devtools.CdpVersionFinder findNearestMatch
WARNING: Unable to find an exact match for CDP version 124, returning the closest version; found: 122; Please update to a Selenium version that supports CDP version 124
????? 18, 2024 12:28:01 ? org.openqa.selenium.devtools.CdpVersionFinder findNearestMatch
WARNING: Unable to find an exact match for CDP version 124, returning the closest version; found: 122; Please update to a Selenium version that supports CDP version 124
]]></system-err>
  </testcase>
  <testcase name="ShouldBeabletoAddnewTOdo" classname="com.qacart.todo.testcases.TodoTest" time="23.188">
    <system-out><![CDATA[Request method:	POST
Request URI:	https://todo.qacart.com/api/v1/users/register
Proxy:			<none>
Request params:	<none>
Query params:	<none>
Form params:	<none>
Path params:	<none>
Headers:		Accept=*/*
				Content-Type=application/json
Cookies:		<none>
Multiparts:		<none>
Body:
{
    "email": "kennith.lebsack@gmail.com",
    "firstName": "Annita",
    "lastName": "VonRueden",
    "password": "wfc3hfu22"
}
Request method:	POST
Request URI:	https://todo.qacart.com/api/v1/users/register
Proxy:			<none>
Request params:	<none>
Query params:	<none>
Form params:	<none>
Path params:	<none>
Headers:		Accept=*/*
				Content-Type=application/json
Cookies:		<none>
Multiparts:		<none>
Body:
{
    "email": "jeffrey.krajcik@yahoo.com",
    "firstName": "Florida",
    "lastName": "Weissnat",
    "password": "xo96q13c9fr"
}
HTTP/1.1 201 Created
Server: Cowboy
Report-To: {"group":"heroku-nel","max_age":3600,"endpoints":[{"url":"https://nel.heroku.com/reports?ts=1713439699&sid=812dcc77-0bd0-43b1-a5f1-b25750382959&s=%2F6GuwEWv%2BywrSykfoQDEnkQvqv6TCovGbSj1rI1QzHI%3D"}]}
Reporting-Endpoints: heroku-nel=https://nel.heroku.com/reports?ts=1713439699&sid=812dcc77-0bd0-43b1-a5f1-b25750382959&s=%2F6GuwEWv%2BywrSykfoQDEnkQvqv6TCovGbSj1rI1QzHI%3D
Nel: {"report_to":"heroku-nel","max_age":3600,"success_fraction":0.005,"failure_fraction":0.05,"response_headers":["Via"]}
Connection: keep-alive
X-Powered-By: Express
Access-Control-Allow-Origin: *
Set-Cookie: access_token=eyJhbGciOiJIUzI1NiIsInR5cCI6IkpXVCJ9.eyJpZCI6IjY2MjEwM2QzYTI5MzRhMDAxNDI4ZDMwMCIsImZpcnN0TmFtZSI6IkFubml0YSIsImxhc3ROYW1lIjoiVm9uUnVlZGVuIiwiaWF0IjoxNzEzNDM5Njk5fQ.IgSpSghW0Wg3gqeK3KfKQrzTH2AYB09W74EdemtqH3U; Path=/
Set-Cookie: userID=j%3A%22662103d3a2934a001428d300%22; Path=/
Set-Cookie: firstName=Annita; Path=/
Content-Type: application/json; charset=utf-8
Content-Length: 283
Etag: W/"11b-4XGXnzLrbbFZMdRTUL2EnRrqzAM"
Date: Thu, 18 Apr 2024 11:28:19 GMT
Via: 1.1 vegur

{
    "access_token": "eyJhbGciOiJIUzI1NiIsInR5cCI6IkpXVCJ9.eyJpZCI6IjY2MjEwM2QzYTI5MzRhMDAxNDI4ZDMwMCIsImZpcnN0TmFtZSI6IkFubml0YSIsImxhc3ROYW1lIjoiVm9uUnVlZGVuIiwiaWF0IjoxNzEzNDM5Njk5fQ.IgSpSghW0Wg3gqeK3KfKQrzTH2AYB09W74EdemtqH3U",
    "userID": "662103d3a2934a001428d300",
    "firstName": "Annita"
}
HTTP/1.1 201 Created
Server: Cowboy
Report-To: {"group":"heroku-nel","max_age":3600,"endpoints":[{"url":"https://nel.heroku.com/reports?ts=1713439699&sid=812dcc77-0bd0-43b1-a5f1-b25750382959&s=%2F6GuwEWv%2BywrSykfoQDEnkQvqv6TCovGbSj1rI1QzHI%3D"}]}
Reporting-Endpoints: heroku-nel=https://nel.heroku.com/reports?ts=1713439699&sid=812dcc77-0bd0-43b1-a5f1-b25750382959&s=%2F6GuwEWv%2BywrSykfoQDEnkQvqv6TCovGbSj1rI1QzHI%3D
Nel: {"report_to":"heroku-nel","max_age":3600,"success_fraction":0.005,"failure_fraction":0.05,"response_headers":["Via"]}
Connection: keep-alive
X-Powered-By: Express
Access-Control-Allow-Origin: *
Set-Cookie: access_token=eyJhbGciOiJIUzI1NiIsInR5cCI6IkpXVCJ9.eyJpZCI6IjY2MjEwM2QzYTI5MzRhMDAxNDI4ZDMwMiIsImZpcnN0TmFtZSI6IkZsb3JpZGEiLCJsYXN0TmFtZSI6IldlaXNzbmF0IiwiaWF0IjoxNzEzNDM5Njk5fQ.36o91xenewoYjo0Tsl2VNfQCakL1Dn89S2kc0okBtOI; Path=/
Set-Cookie: userID=j%3A%22662103d3a2934a001428d302%22; Path=/
Set-Cookie: firstName=Florida; Path=/
Content-Type: application/json; charset=utf-8
Content-Length: 284
Etag: W/"11c-BOZjwkpMCss8tE2B4VY1xLqgUdA"
Date: Thu, 18 Apr 2024 11:28:19 GMT
Via: 1.1 vegur

{
    "access_token": "eyJhbGciOiJIUzI1NiIsInR5cCI6IkpXVCJ9.eyJpZCI6IjY2MjEwM2QzYTI5MzRhMDAxNDI4ZDMwMiIsImZpcnN0TmFtZSI6IkZsb3JpZGEiLCJsYXN0TmFtZSI6IldlaXNzbmF0IiwiaWF0IjoxNzEzNDM5Njk5fQ.36o91xenewoYjo0Tsl2VNfQCakL1Dn89S2kc0okBtOI",
    "userID": "662103d3a2934a001428d302",
    "firstName": "Florida"
}
HTTP/1.1 201 Created
Server: Cowboy
Report-To: {"group":"heroku-nel","max_age":3600,"endpoints":[{"url":"https://nel.heroku.com/reports?ts=1713439703&sid=812dcc77-0bd0-43b1-a5f1-b25750382959&s=7C4meOd91Gc%2FUbYYlvgq7Y%2FbRM543M7hbXspYJdK%2BwA%3D"}]}
Reporting-Endpoints: heroku-nel=https://nel.heroku.com/reports?ts=1713439703&sid=812dcc77-0bd0-43b1-a5f1-b25750382959&s=7C4meOd91Gc%2FUbYYlvgq7Y%2FbRM543M7hbXspYJdK%2BwA%3D
Nel: {"report_to":"heroku-nel","max_age":3600,"success_fraction":0.005,"failure_fraction":0.05,"response_headers":["Via"]}
Connection: keep-alive
X-Powered-By: Express
Access-Control-Allow-Origin: *
Content-Type: application/json; charset=utf-8
Content-Length: 161
Etag: W/"a1-2oZBZawB8h7JAYoJ9TqlRUGij2Q"
Date: Thu, 18 Apr 2024 11:28:23 GMT
Via: 1.1 vegur

{
    "isCompleted": false,
    "_id": "662103d7a2934a001428d304",
    "item": "Learn Selenium",
    "userID": "662103d3a2934a001428d300",
    "createdAt": "2024-04-18T11:28:23.059Z",
    "__v": 0
}
]]></system-out>
  </testcase>
  <testcase name="ShouldBeabletodeleteTOdo" classname="com.qacart.todo.testcases.TodoTest" time="23.47"/>
</testsuite>