<?xml version="1.0" encoding="UTF-8"?>
<testng-results ignored="0" total="3" passed="3" failed="0" skipped="0">
  <reporter-output>
  </reporter-output>
  <suite started-at="2024-04-18T12:27:52 CET" name="Surefire suite" finished-at="2024-04-18T12:28:30 CET" duration-ms="38088">
    <groups>
    </groups>
    <test started-at="2024-04-18T12:27:52 CET" name="Surefire test" finished-at="2024-04-18T12:28:30 CET" duration-ms="38088">
      <class name="com.qacart.todo.testcases.LoginTest">
        <test-method is-config="true" signature="setup()[pri:0, instance:com.qacart.todo.testcases.LoginTest@388b401d]" started-at="2024-04-18T12:27:52 CET" name="setup" finished-at="2024-04-18T12:28:02 CET" duration-ms="10093" status="PASS">
          <reporter-output>
          </reporter-output>
        </test-method> <!-- setup -->
        <test-method signature="souldbeableTologinWithemailandPassword()[pri:0, instance:com.qacart.todo.testcases.LoginTest@388b401d]" started-at="2024-04-18T12:28:02 CET" name="souldbeableTologinWithemailandPassword" description="Test the login fonctionnality using email and password" finished-at="2024-04-18T12:28:10 CET" duration-ms="7710" status="PASS">
          <reporter-output>
          </reporter-output>
        </test-method> <!-- souldbeableTologinWithemailandPassword -->
        <test-method is-config="true" signature="teardown(org.testng.ITestResult)[pri:0, instance:com.qacart.todo.testcases.LoginTest@388b401d]" started-at="2024-04-18T12:28:10 CET" name="teardown" finished-at="2024-04-18T12:28:22 CET" duration-ms="12130" status="PASS">
          <params>
            <param index="0">
              <value>
                <![CDATA[[TestResult name=souldbeableTologinWithemailandPassword status=SUCCESS method=LoginTest.souldbeableTologinWithemailandPassword()[pri:0, instance:com.qacart.todo.testcases.LoginTest@388b401d] output={null}]]]>
              </value>
            </param>
          </params>
          <reporter-output>
          </reporter-output>
        </test-method> <!-- teardown -->
      </class> <!-- com.qacart.todo.testcases.LoginTest -->
      <class name="com.qacart.todo.testcases.TodoTest">
        <test-method is-config="true" signature="setup()[pri:0, instance:com.qacart.todo.testcases.TodoTest@2bcec6a6]" started-at="2024-04-18T12:27:52 CET" name="setup" finished-at="2024-04-18T12:28:01 CET" duration-ms="9099" status="PASS">
          <reporter-output>
          </reporter-output>
        </test-method> <!-- setup -->
        <test-method is-config="true" signature="setup()[pri:0, instance:com.qacart.todo.testcases.TodoTest@2bcec6a6]" started-at="2024-04-18T12:27:52 CET" name="setup" finished-at="2024-04-18T12:28:03 CET" duration-ms="10646" status="PASS">
          <reporter-output>
          </reporter-output>
        </test-method> <!-- setup -->
        <test-method signature="ShouldBeabletoAddnewTOdo()[pri:0, instance:com.qacart.todo.testcases.TodoTest@2bcec6a6]" started-at="2024-04-18T12:28:02 CET" name="ShouldBeabletoAddnewTOdo" description="should be able to add a new todo correctly " finished-at="2024-04-18T12:28:26 CET" duration-ms="23694" status="PASS">
          <reporter-output>
          </reporter-output>
        </test-method> <!-- ShouldBeabletoAddnewTOdo -->
        <test-method signature="ShouldBeabletodeleteTOdo()[pri:0, instance:com.qacart.todo.testcases.TodoTest@2bcec6a6]" started-at="2024-04-18T12:28:03 CET" name="ShouldBeabletodeleteTOdo" description="soud be able to delete a todo correctly" finished-at="2024-04-18T12:28:26 CET" duration-ms="23466" status="PASS">
          <reporter-output>
          </reporter-output>
        </test-method> <!-- ShouldBeabletodeleteTOdo -->
        <test-method is-config="true" signature="teardown(org.testng.ITestResult)[pri:0, instance:com.qacart.todo.testcases.TodoTest@2bcec6a6]" started-at="2024-04-18T12:28:26 CET" name="teardown" finished-at="2024-04-18T12:28:28 CET" duration-ms="1574" status="PASS">
          <params>
            <param index="0">
              <value>
                <![CDATA[[TestResult name=ShouldBeabletoAddnewTOdo status=SUCCESS method=TodoTest.ShouldBeabletoAddnewTOdo()[pri:0, instance:com.qacart.todo.testcases.TodoTest@2bcec6a6] output={null}]]]>
              </value>
            </param>
          </params>
          <reporter-output>
          </reporter-output>
        </test-method> <!-- teardown -->
        <test-method is-config="true" signature="teardown(org.testng.ITestResult)[pri:0, instance:com.qacart.todo.testcases.TodoTest@2bcec6a6]" started-at="2024-04-18T12:28:26 CET" name="teardown" finished-at="2024-04-18T12:28:30 CET" duration-ms="3696" status="PASS">
          <params>
            <param index="0">
              <value>
                <![CDATA[[TestResult name=ShouldBeabletodeleteTOdo status=SUCCESS method=TodoTest.ShouldBeabletodeleteTOdo()[pri:0, instance:com.qacart.todo.testcases.TodoTest@2bcec6a6] output={null}]]]>
              </value>
            </param>
          </params>
          <reporter-output>
          </reporter-output>
        </test-method> <!-- teardown -->
      </class> <!-- com.qacart.todo.testcases.TodoTest -->
    </test> <!-- Surefire test -->
  </suite> <!-- Surefire suite -->
</testng-results>
